<?xml version="1.0" encoding="UTF-8"?>
<robot generator="Robot 7.0 (Python 3.12.2 on win32)" generated="2024-02-29T13:34:17.200464" rpa="false" schemaversion="5">
<suite id="s1" name="Controller" source="C:\Automacao\Agibank\web_tests_agibank\controller.robot">
<test id="s1-t1" name="Test Cases" line="22">
<kw name="Run Tests" owner="dependencies">
<kw name="Passed Log" owner="log">
<kw name="Log Console And Report" owner="log">
<kw name="Log" owner="BuiltIn">
<msg time="2024-02-29T13:34:17.925921" level="INFO">Chegou aqui</msg>
<arg>${msg}</arg>
<doc>Logs the given message with the given level.</doc>
<status status="PASS" start="2024-02-29T13:34:17.925414" elapsed="0.000507"/>
</kw>
<kw name="Log To Console" owner="BuiltIn">
<arg>${msg}</arg>
<doc>Logs the given message to the console.</doc>
<status status="PASS" start="2024-02-29T13:34:17.925921" elapsed="0.001006"/>
</kw>
<arg>${msg}</arg>
<doc>Cria log no console e report</doc>
<status status="PASS" start="2024-02-29T13:34:17.924414" elapsed="0.002513"/>
</kw>
<arg>Chegou aqui</arg>
<doc>Loga passed no report</doc>
<status status="PASS" start="2024-02-29T13:34:17.923414" elapsed="0.003513"/>
</kw>
<kw name="Get Current Date" owner="DateTime">
<msg time="2024-02-29T13:34:17.927927" level="INFO">${date} = 29022024133417</msg>
<var>${date}</var>
<arg>result_format=%d%m%Y%H%M%S</arg>
<doc>Returns current local or UTC time with an optional increment.</doc>
<status status="PASS" start="2024-02-29T13:34:17.926927" elapsed="0.001000"/>
</kw>
<kw name="Set Variable" owner="BuiltIn">
<msg time="2024-02-29T13:34:17.927927" level="INFO">${cmd} = robot --listener allure_robotframework -i test -d ./results -x output-xunit.xml --variable BROWSER:chrome components/pesquisa/tests/pesquisa_tests.robot</msg>
<var>${cmd}</var>
<arg>robot --listener allure_robotframework -i ${tag} -d ./results -x output-xunit.xml --variable BROWSER:${browser} components/${componente}</arg>
<doc>Returns the given values which can then be assigned to a variables.</doc>
<status status="PASS" start="2024-02-29T13:34:17.927927" elapsed="0.000000"/>
</kw>
<kw name="Set Variable" owner="BuiltIn">
<msg time="2024-02-29T13:34:17.927927" level="INFO">${cmd_allure} = allure generate --clean ./output/allure -o allure-report/</msg>
<var>${cmd_allure}</var>
<arg>allure generate --clean ./output/allure -o allure-report/</arg>
<doc>Returns the given values which can then be assigned to a variables.</doc>
<status status="PASS" start="2024-02-29T13:34:17.927927" elapsed="0.000000"/>
</kw>
<kw name="Set Variable" owner="BuiltIn">
<msg time="2024-02-29T13:34:17.927927" level="INFO">${cmd_allure_open} = allure open</msg>
<var>${cmd_allure_open}</var>
<arg>allure open</arg>
<doc>Returns the given values which can then be assigned to a variables.</doc>
<status status="PASS" start="2024-02-29T13:34:17.927927" elapsed="0.000000"/>
</kw>
<kw name="Run Command Lines" owner="command">
<msg time="2024-02-29T13:35:27.518478" level="INFO">1</msg>
<arg>${cmd}</arg>
<status status="PASS" start="2024-02-29T13:34:17.927927" elapsed="69.590551"/>
</kw>
<kw name="Run Command Lines" owner="command">
<msg time="2024-02-29T13:35:29.948875" level="INFO">0</msg>
<arg>${cmd_allure}</arg>
<status status="PASS" start="2024-02-29T13:35:27.519496" elapsed="2.429379"/>
</kw>
<kw name="Run Command Lines" owner="command">
<arg>${cmd_allure_open}</arg>
<status status="FAIL" start="2024-02-29T13:35:29.948875" elapsed="35.322139">Execution terminated by signal</status>
</kw>
<arg>${COMPONENTE}</arg>
<arg>${TAG}</arg>
<arg>${BROWSER}</arg>
<doc>Lê e massa de dados e exucuta casos de teste,
marcados para exeucção no Data Manager</doc>
<status status="FAIL" start="2024-02-29T13:34:17.923414" elapsed="107.347600">Execution terminated by signal</status>
</kw>
<kw name="Close Browser" owner="SeleniumLibrary" type="TEARDOWN">
<doc>Closes the current browser.</doc>
<status status="PASS" start="2024-02-29T13:36:05.272015" elapsed="0.000000"/>
</kw>
<status status="FAIL" start="2024-02-29T13:34:17.922415" elapsed="107.350599">Execution terminated by signal</status>
</test>
<status status="FAIL" start="2024-02-29T13:34:17.201465" elapsed="108.072550"/>
</suite>
<statistics>
<total>
<stat pass="0" fail="1" skip="0">All Tests</stat>
</total>
<tag>
</tag>
<suite>
<stat pass="0" fail="1" skip="0" id="s1" name="Controller">Controller</stat>
</suite>
</statistics>
<errors>
<msg time="2024-02-29T13:34:17.916412" level="ERROR">Error in file 'C:\Automacao\Agibank\web_tests_agibank\helpers\dependencies.robot' on line 17: Error in file 'C:\Automacao\Agibank\web_tests_agibank\components\pesquisa\tests\pesquisa_tests.robot' on line 5: Resource file with 'Test Cases' section is invalid.</msg>
</errors>
</robot>
