<?xml version="1.0" encoding="UTF-8"?>
<robot generator="Robot 7.0 (Python 3.12.2 on win32)" generated="2024-02-29T13:34:18.244367" rpa="false" schemaversion="5">
<suite id="s1" name="Pesquisa Tests" source="C:\Automacao\Agibank\web_tests_agibank\components\pesquisa\tests\pesquisa_tests.robot">
<test id="s1-t1" name="CT001 - Teste de Pesquisa com Termos Validos" line="7">
<kw name="DADO que acesso o &quot;blog do Agi&quot;" owner="globais_keywords" source_name="DADO que acesso o &quot;${ambiente}&quot;">
<kw name="Open Browser Selecting Location" owner="custom_keywords">
<kw name="Convert To Upper Case" owner="String">
<msg time="2024-02-29T13:34:18.921389" level="INFO">${local} = LOCAL</msg>
<var>${local}</var>
<arg>${local}</arg>
<doc>Converts string to upper case.</doc>
<status status="PASS" start="2024-02-29T13:34:18.921389" elapsed="0.000000"/>
</kw>
<if>
<branch type="IF" condition="&quot;${local}&quot; == &quot;LOCAL&quot;">
<kw name="Open Browser" owner="SeleniumLibrary">
<msg time="2024-02-29T13:34:18.924314" level="INFO">Opening browser 'chrome' to base url 'https://blogdoagi.com.br/'.</msg>
<arg>${url}</arg>
<arg>${browser}</arg>
<arg>options=add_argument("--disable-dev-shm-usage"); add_argument("--no-sandbox"); add_argument("--start-maximized")</arg>
<doc>Opens a new browser instance to the optional ``url``.</doc>
<status status="PASS" start="2024-02-29T13:34:18.924314" elapsed="2.167104"/>
</kw>
<status status="PASS" start="2024-02-29T13:34:18.922389" elapsed="2.171029"/>
</branch>
<status status="PASS" start="2024-02-29T13:34:18.922389" elapsed="2.172030"/>
</if>
<arg>${URL}[${ambiente}]</arg>
<arg>${browser}</arg>
<arg>LOCAL</arg>
<doc>Abre navegador no ambiente local</doc>
<status status="PASS" start="2024-02-29T13:34:18.919389" elapsed="2.175030"/>
</kw>
<kw name="Maximize Browser Window" owner="SeleniumLibrary">
<doc>Maximizes current browser window.</doc>
<status status="PASS" start="2024-02-29T13:34:21.094419" elapsed="0.002509"/>
</kw>
<status status="PASS" start="2024-02-29T13:34:18.919389" elapsed="2.177539"/>
</kw>
<kw name="QUANDO busco por um artigo &quot;valido&quot;" owner="pesquisa_keywords" source_name="QUANDO busco por um artigo &quot;${texto}&quot;">
<kw name="Perform Click Element" owner="custom_keywords">
<kw name="Wait Until Element Is Visible And Return Status" owner="custom_keywords">
<kw name="Run Keyword And Return Status" owner="BuiltIn">
<kw name="Wait Until Element Is Visible" owner="SeleniumLibrary">
<arg>${element}</arg>
<arg>${timeout}</arg>
<doc>Waits until the element ``locator`` is visible.</doc>
<status status="PASS" start="2024-02-29T13:34:21.098928" elapsed="0.019230"/>
</kw>
<msg time="2024-02-29T13:34:21.118158" level="INFO">${visible} = True</msg>
<var>${visible}</var>
<arg>Wait Until Element Is Visible</arg>
<arg>${element}</arg>
<arg>${timeout}</arg>
<doc>Runs the given keyword with given arguments and returns the status as a Boolean value.</doc>
<status status="PASS" start="2024-02-29T13:34:21.098928" elapsed="0.019230"/>
</kw>
<if>
<branch type="IF" condition="${screenshot} == True">
<kw name="Capture Page Screenshot" owner="SeleniumLibrary">
<doc>Takes a screenshot of the current page and embeds it into a log file.</doc>
<status status="NOT RUN" start="2024-02-29T13:34:21.119156" elapsed="0.000000"/>
</kw>
<status status="NOT RUN" start="2024-02-29T13:34:21.119156" elapsed="0.001036"/>
</branch>
<status status="PASS" start="2024-02-29T13:34:21.119156" elapsed="0.001036"/>
</if>
<return>
<value>${visible}</value>
<status status="PASS" start="2024-02-29T13:34:21.120192" elapsed="0.000000"/>
</return>
<msg time="2024-02-29T13:34:21.120192" level="INFO">${visible} = True</msg>
<var>${visible}</var>
<arg>${element}</arg>
<arg>60</arg>
<doc>Verifica se elemento é visível e retorna status "True/False".
"timeout" assume 5 segundos se não for definido
Para capturar imagem definir o parâmetro "screenshot" como "True".</doc>
<status status="PASS" start="2024-02-29T13:34:21.098928" elapsed="0.021264"/>
</kw>
<if>
<branch type="IF" condition="${visible} == True">
<kw name="Click Element" owner="SeleniumLibrary">
<msg time="2024-02-29T13:34:21.121197" level="INFO">Clicking element 'xpath=//a[@class='slide-search astra-search-icon'][contains(.,'Pesquisar')]'.</msg>
<arg>${element}</arg>
<doc>Click the element identified by ``locator``.</doc>
<status status="PASS" start="2024-02-29T13:34:21.121197" elapsed="0.041103"/>
</kw>
<status status="PASS" start="2024-02-29T13:34:21.121197" elapsed="0.042105"/>
</branch>
<branch type="ELSE">
<kw name="Failure Log" owner="log">
<arg>*** Não foi possível clicar no elemento "${element}"</arg>
<doc>Loga fail no report</doc>
<status status="NOT RUN" start="2024-02-29T13:34:21.163302" elapsed="0.000000"/>
</kw>
<status status="NOT RUN" start="2024-02-29T13:34:21.163302" elapsed="0.000997"/>
</branch>
<status status="PASS" start="2024-02-29T13:34:21.121197" elapsed="0.043102"/>
</if>
<if>
<branch type="IF" condition="${screenshot} == True">
<kw name="Capture Page Screenshot" owner="SeleniumLibrary">
<msg time="2024-02-29T13:34:21.449714" level="INFO" html="true">&lt;/td&gt;&lt;/tr&gt;&lt;tr&gt;&lt;td colspan="3"&gt;&lt;a href="selenium-screenshot-13.png"&gt;&lt;img src="selenium-screenshot-13.png" width="800px"&gt;&lt;/a&gt;</msg>
<doc>Takes a screenshot of the current page and embeds it into a log file.</doc>
<status status="PASS" start="2024-02-29T13:34:21.164299" elapsed="0.285415"/>
</kw>
<status status="PASS" start="2024-02-29T13:34:21.164299" elapsed="0.285415"/>
</branch>
<status status="PASS" start="2024-02-29T13:34:21.164299" elapsed="0.286413"/>
</if>
<arg>${pesquisa_a_search}</arg>
<doc>Efetua click no elemento.
Para capturar imagem definir o parâmetro "screenshot" como "True".</doc>
<status status="PASS" start="2024-02-29T13:34:21.097926" elapsed="0.352786"/>
</kw>
<if>
<branch type="IF" condition="&quot;${texto}&quot; == &quot;valido&quot;">
<kw name="Fill Field" owner="custom_keywords">
<kw name="Wait Until Element Is Visible And Return Status" owner="custom_keywords">
<kw name="Run Keyword And Return Status" owner="BuiltIn">
<kw name="Wait Until Element Is Visible" owner="SeleniumLibrary">
<arg>${element}</arg>
<arg>${timeout}</arg>
<doc>Waits until the element ``locator`` is visible.</doc>
<status status="PASS" start="2024-02-29T13:34:21.451714" elapsed="0.018022"/>
</kw>
<msg time="2024-02-29T13:34:21.470740" level="INFO">${visible} = True</msg>
<var>${visible}</var>
<arg>Wait Until Element Is Visible</arg>
<arg>${element}</arg>
<arg>${timeout}</arg>
<doc>Runs the given keyword with given arguments and returns the status as a Boolean value.</doc>
<status status="PASS" start="2024-02-29T13:34:21.451714" elapsed="0.019026"/>
</kw>
<if>
<branch type="IF" condition="${screenshot} == True">
<kw name="Capture Page Screenshot" owner="SeleniumLibrary">
<doc>Takes a screenshot of the current page and embeds it into a log file.</doc>
<status status="NOT RUN" start="2024-02-29T13:34:21.471737" elapsed="0.000000"/>
</kw>
<status status="NOT RUN" start="2024-02-29T13:34:21.471737" elapsed="0.000000"/>
</branch>
<status status="PASS" start="2024-02-29T13:34:21.471737" elapsed="0.000000"/>
</if>
<return>
<value>${visible}</value>
<status status="PASS" start="2024-02-29T13:34:21.471737" elapsed="0.000999"/>
</return>
<msg time="2024-02-29T13:34:21.472736" level="INFO">${visible} = True</msg>
<var>${visible}</var>
<arg>${element}</arg>
<arg>${timeout}</arg>
<doc>Verifica se elemento é visível e retorna status "True/False".
"timeout" assume 5 segundos se não for definido
Para capturar imagem definir o parâmetro "screenshot" como "True".</doc>
<status status="PASS" start="2024-02-29T13:34:21.451714" elapsed="0.021022"/>
</kw>
<if>
<branch type="IF" condition="${visible} == True">
<kw name="Input Text" owner="SeleniumLibrary">
<msg time="2024-02-29T13:34:21.473737" level="INFO">Typing text 'Como Funciona a Portabilidade de Empréstimo Consignado?' into text field 'xpath=//input[@id='search-field']'.</msg>
<arg>${element}</arg>
<arg>${text}</arg>
<doc>Types the given ``text`` into the text field identified by ``locator``.</doc>
<status status="PASS" start="2024-02-29T13:34:21.473737" elapsed="0.162633"/>
</kw>
<status status="PASS" start="2024-02-29T13:34:21.473737" elapsed="0.162633"/>
</branch>
<branch type="ELSE">
<kw name="Failure Log" owner="log">
<arg>*** Não foi possível preencher o campo "${element}"</arg>
<doc>Loga fail no report</doc>
<status status="NOT RUN" start="2024-02-29T13:34:21.637371" elapsed="0.000000"/>
</kw>
<status status="NOT RUN" start="2024-02-29T13:34:21.637371" elapsed="0.000000"/>
</branch>
<status status="PASS" start="2024-02-29T13:34:21.473737" elapsed="0.163634"/>
</if>
<if>
<branch type="IF" condition="${screenshot} == True">
<kw name="Capture Page Screenshot" owner="SeleniumLibrary">
<msg time="2024-02-29T13:34:21.934401" level="INFO" html="true">&lt;/td&gt;&lt;/tr&gt;&lt;tr&gt;&lt;td colspan="3"&gt;&lt;a href="selenium-screenshot-14.png"&gt;&lt;img src="selenium-screenshot-14.png" width="800px"&gt;&lt;/a&gt;</msg>
<doc>Takes a screenshot of the current page and embeds it into a log file.</doc>
<status status="PASS" start="2024-02-29T13:34:21.637371" elapsed="0.297030"/>
</kw>
<status status="PASS" start="2024-02-29T13:34:21.637371" elapsed="0.298030"/>
</branch>
<status status="PASS" start="2024-02-29T13:34:21.637371" elapsed="0.298030"/>
</if>
<arg>${pesquisa_ipt_field}</arg>
<arg>${pesquisa_artigo_valido}</arg>
<doc>Preenche input com texto.
Para capturar imagem definir o parâmetro "screenshot" como "True".</doc>
<status status="PASS" start="2024-02-29T13:34:21.450712" elapsed="0.484689"/>
</kw>
<status status="PASS" start="2024-02-29T13:34:21.450712" elapsed="0.484689"/>
</branch>
<branch type="ELSE IF" condition="&quot;${texto}&quot; == &quot;invalido&quot;">
<kw name="Fill Field" owner="custom_keywords">
<arg>${pesquisa_ipt_field}</arg>
<arg>${pesquisa_artigo_invalido}</arg>
<doc>Preenche input com texto.
Para capturar imagem definir o parâmetro "screenshot" como "True".</doc>
<status status="NOT RUN" start="2024-02-29T13:34:21.935401" elapsed="0.000000"/>
</kw>
<status status="NOT RUN" start="2024-02-29T13:34:21.935401" elapsed="0.000000"/>
</branch>
<status status="PASS" start="2024-02-29T13:34:21.450712" elapsed="0.485718"/>
</if>
<kw name="Send Keys" owner="custom_keywords">
<kw name="Press Keys" owner="SeleniumLibrary">
<msg time="2024-02-29T13:34:21.936430" level="INFO">Sending key(s) ('RETURN',) to page.</msg>
<msg time="2024-02-29T13:34:21.936430" level="INFO">Pressing special key RETURN to browser.</msg>
<msg time="2024-02-29T13:34:21.936430" level="INFO">Releasing special key RETURN.</msg>
<arg>None</arg>
<arg>${key}</arg>
<doc>Simulates the user pressing key(s) to an element or on the active browser.</doc>
<status status="PASS" start="2024-02-29T13:34:21.936430" elapsed="0.959102"/>
</kw>
<arg>RETURN</arg>
<status status="PASS" start="2024-02-29T13:34:21.936430" elapsed="0.960107"/>
</kw>
<status status="PASS" start="2024-02-29T13:34:21.097926" elapsed="1.798611"/>
</kw>
<kw name="ENTAO valido carregamento com &quot;falha&quot;" owner="pesquisa_keywords" source_name="ENTAO valido carregamento com &quot;${status}&quot;">
<if>
<branch type="IF" condition="&quot;${status}&quot; == &quot;sucesso&quot;">
<kw name="Wait Until Element Is Visible And Capture Screenshot" owner="custom_keywords">
<arg>${pesquisa_artigo_sucesso}</arg>
<arg>${time_out_element}</arg>
<doc>Verifica se elemento é visível e retorna status "True/False".
"timeout" assume 5 segundos se não for definido
Para capturar imagem definir o parâmetro "screenshot" como "True".</doc>
<status status="NOT RUN" start="2024-02-29T13:34:22.898538" elapsed="0.000000"/>
</kw>
<status status="NOT RUN" start="2024-02-29T13:34:22.897537" elapsed="0.001001"/>
</branch>
<branch type="ELSE IF" condition="&quot;${status}&quot; == &quot;falha&quot;">
<kw name="Wait Until Element Is Visible And Capture Screenshot" owner="custom_keywords">
<kw name="Run Keyword And Return Status" owner="BuiltIn">
<kw name="Wait Until Element Is Visible" owner="SeleniumLibrary">
<msg time="2024-02-29T13:35:23.201368" level="INFO" html="true">&lt;/td&gt;&lt;/tr&gt;&lt;tr&gt;&lt;td colspan="3"&gt;&lt;a href="selenium-screenshot-15.png"&gt;&lt;img src="selenium-screenshot-15.png" width="800px"&gt;&lt;/a&gt;</msg>
<msg time="2024-02-29T13:35:23.201368" level="FAIL">Element 'xpath=//p[contains(.,'Lamentamos, mas nada foi encontrado para sua pesquisa, tente novamente com outras palavras.')]' not visible after 1 minute.</msg>
<arg>${element}</arg>
<arg>${timeout}</arg>
<doc>Waits until the element ``locator`` is visible.</doc>
<status status="FAIL" start="2024-02-29T13:34:22.899539" elapsed="60.328951">Element 'xpath=//p[contains(.,'Lamentamos, mas nada foi encontrado para sua pesquisa, tente novamente com outras palavras.')]' not visible after 1 minute.</status>
</kw>
<msg time="2024-02-29T13:35:23.229490" level="INFO">${visible} = False</msg>
<var>${visible}</var>
<arg>Wait Until Element Is Visible</arg>
<arg>${element}</arg>
<arg>${timeout}</arg>
<doc>Runs the given keyword with given arguments and returns the status as a Boolean value.</doc>
<status status="PASS" start="2024-02-29T13:34:22.899539" elapsed="60.329951"/>
</kw>
<kw name="Capture Page Screenshot" owner="SeleniumLibrary">
<msg time="2024-02-29T13:35:23.371452" level="INFO" html="true">&lt;/td&gt;&lt;/tr&gt;&lt;tr&gt;&lt;td colspan="3"&gt;&lt;a href="selenium-screenshot-16.png"&gt;&lt;img src="selenium-screenshot-16.png" width="800px"&gt;&lt;/a&gt;</msg>
<doc>Takes a screenshot of the current page and embeds it into a log file.</doc>
<status status="PASS" start="2024-02-29T13:35:23.230491" elapsed="0.140961"/>
</kw>
<if>
<branch type="IF" condition="${visible} == True">
<kw name="Passed Log" owner="log">
<arg>Visible "${element}" element</arg>
<doc>Loga passed no report</doc>
<status status="NOT RUN" start="2024-02-29T13:35:23.373455" elapsed="0.000000"/>
</kw>
<status status="NOT RUN" start="2024-02-29T13:35:23.372452" elapsed="0.001003"/>
</branch>
<branch type="ELSE">
<kw name="Fail" owner="BuiltIn">
<msg time="2024-02-29T13:35:23.374452" level="FAIL">*** Elemento "xpath=//p[contains(.,'Lamentamos, mas nada foi encontrado para sua pesquisa, tente novamente com outras palavras.')]" não visível após 60 segundos</msg>
<arg>*** Elemento "${element}" não visível após ${timeout} segundos</arg>
<doc>Fails the test with the given message and optionally alters its tags.</doc>
<status status="FAIL" start="2024-02-29T13:35:23.373455" elapsed="0.000997">*** Elemento "xpath=//p[contains(.,'Lamentamos, mas nada foi encontrado para sua pesquisa, tente novamente com outras palavras.')]" não visível após 60 segundos</status>
</kw>
<status status="FAIL" start="2024-02-29T13:35:23.373455" elapsed="0.001997">*** Elemento "xpath=//p[contains(.,'Lamentamos, mas nada foi encontrado para sua pesquisa, tente novamente com outras palavras.')]" não visível após 60 segundos</status>
</branch>
<status status="FAIL" start="2024-02-29T13:35:23.372452" elapsed="0.003000">*** Elemento "xpath=//p[contains(.,'Lamentamos, mas nada foi encontrado para sua pesquisa, tente novamente com outras palavras.')]" não visível após 60 segundos</status>
</if>
<arg>${pesquisa_artigo_falha}</arg>
<arg>${time_out_element}</arg>
<doc>Verifica se elemento é visível e retorna status "True/False".
"timeout" assume 5 segundos se não for definido
Para capturar imagem definir o parâmetro "screenshot" como "True".</doc>
<status status="FAIL" start="2024-02-29T13:34:22.898538" elapsed="60.476914">*** Elemento "xpath=//p[contains(.,'Lamentamos, mas nada foi encontrado para sua pesquisa, tente novamente com outras palavras.')]" não visível após 60 segundos</status>
</kw>
<status status="FAIL" start="2024-02-29T13:34:22.898538" elapsed="60.476914">*** Elemento "xpath=//p[contains(.,'Lamentamos, mas nada foi encontrado para sua pesquisa, tente novamente com outras palavras.')]" não visível após 60 segundos</status>
</branch>
<status status="FAIL" start="2024-02-29T13:34:22.897537" elapsed="60.477915">*** Elemento "xpath=//p[contains(.,'Lamentamos, mas nada foi encontrado para sua pesquisa, tente novamente com outras palavras.')]" não visível após 60 segundos</status>
</if>
<status status="FAIL" start="2024-02-29T13:34:22.897537" elapsed="60.477915">*** Elemento "xpath=//p[contains(.,'Lamentamos, mas nada foi encontrado para sua pesquisa, tente novamente com outras palavras.')]" não visível após 60 segundos</status>
</kw>
<doc>Valida pesquisa com termos validos.</doc>
<tag>pesquisa_valida</tag>
<tag>test</tag>
<status status="FAIL" start="2024-02-29T13:34:18.918389" elapsed="64.458128">*** Elemento "xpath=//p[contains(.,'Lamentamos, mas nada foi encontrado para sua pesquisa, tente novamente com outras palavras.')]" não visível após 60 segundos</status>
</test>
<test id="s1-t2" name="CT002 - Teste de Pesquisa com Termos Invalidos" line="15">
<kw name="DADO que acesso o &quot;blog do Agi&quot;" owner="globais_keywords" source_name="DADO que acesso o &quot;${ambiente}&quot;">
<kw name="Open Browser Selecting Location" owner="custom_keywords">
<kw name="Convert To Upper Case" owner="String">
<msg time="2024-02-29T13:35:23.380511" level="INFO">${local} = LOCAL</msg>
<var>${local}</var>
<arg>${local}</arg>
<doc>Converts string to upper case.</doc>
<status status="PASS" start="2024-02-29T13:35:23.380511" elapsed="0.000000"/>
</kw>
<if>
<branch type="IF" condition="&quot;${local}&quot; == &quot;LOCAL&quot;">
<kw name="Open Browser" owner="SeleniumLibrary">
<msg time="2024-02-29T13:35:23.381502" level="INFO">Opening browser 'chrome' to base url 'https://blogdoagi.com.br/'.</msg>
<arg>${url}</arg>
<arg>${browser}</arg>
<arg>options=add_argument("--disable-dev-shm-usage"); add_argument("--no-sandbox"); add_argument("--start-maximized")</arg>
<doc>Opens a new browser instance to the optional ``url``.</doc>
<status status="PASS" start="2024-02-29T13:35:23.381502" elapsed="2.135955"/>
</kw>
<status status="PASS" start="2024-02-29T13:35:23.381502" elapsed="2.136954"/>
</branch>
<status status="PASS" start="2024-02-29T13:35:23.381502" elapsed="2.136954"/>
</if>
<arg>${URL}[${ambiente}]</arg>
<arg>${browser}</arg>
<arg>LOCAL</arg>
<doc>Abre navegador no ambiente local</doc>
<status status="PASS" start="2024-02-29T13:35:23.379500" elapsed="2.138956"/>
</kw>
<kw name="Maximize Browser Window" owner="SeleniumLibrary">
<doc>Maximizes current browser window.</doc>
<status status="PASS" start="2024-02-29T13:35:25.519455" elapsed="0.001000"/>
</kw>
<status status="PASS" start="2024-02-29T13:35:23.379500" elapsed="2.141956"/>
</kw>
<kw name="QUANDO busco por um artigo &quot;invalido&quot;" owner="pesquisa_keywords" source_name="QUANDO busco por um artigo &quot;${texto}&quot;">
<kw name="Perform Click Element" owner="custom_keywords">
<kw name="Wait Until Element Is Visible And Return Status" owner="custom_keywords">
<kw name="Run Keyword And Return Status" owner="BuiltIn">
<kw name="Wait Until Element Is Visible" owner="SeleniumLibrary">
<arg>${element}</arg>
<arg>${timeout}</arg>
<doc>Waits until the element ``locator`` is visible.</doc>
<status status="PASS" start="2024-02-29T13:35:25.523454" elapsed="0.018138"/>
</kw>
<msg time="2024-02-29T13:35:25.542598" level="INFO">${visible} = True</msg>
<var>${visible}</var>
<arg>Wait Until Element Is Visible</arg>
<arg>${element}</arg>
<arg>${timeout}</arg>
<doc>Runs the given keyword with given arguments and returns the status as a Boolean value.</doc>
<status status="PASS" start="2024-02-29T13:35:25.523454" elapsed="0.019144"/>
</kw>
<if>
<branch type="IF" condition="${screenshot} == True">
<kw name="Capture Page Screenshot" owner="SeleniumLibrary">
<doc>Takes a screenshot of the current page and embeds it into a log file.</doc>
<status status="NOT RUN" start="2024-02-29T13:35:25.543597" elapsed="0.000000"/>
</kw>
<status status="NOT RUN" start="2024-02-29T13:35:25.543597" elapsed="0.000000"/>
</branch>
<status status="PASS" start="2024-02-29T13:35:25.543597" elapsed="0.000000"/>
</if>
<return>
<value>${visible}</value>
<status status="PASS" start="2024-02-29T13:35:25.543597" elapsed="0.000000"/>
</return>
<msg time="2024-02-29T13:35:25.543597" level="INFO">${visible} = True</msg>
<var>${visible}</var>
<arg>${element}</arg>
<arg>60</arg>
<doc>Verifica se elemento é visível e retorna status "True/False".
"timeout" assume 5 segundos se não for definido
Para capturar imagem definir o parâmetro "screenshot" como "True".</doc>
<status status="PASS" start="2024-02-29T13:35:25.522455" elapsed="0.021142"/>
</kw>
<if>
<branch type="IF" condition="${visible} == True">
<kw name="Click Element" owner="SeleniumLibrary">
<msg time="2024-02-29T13:35:25.546137" level="INFO">Clicking element 'xpath=//a[@class='slide-search astra-search-icon'][contains(.,'Pesquisar')]'.</msg>
<arg>${element}</arg>
<doc>Click the element identified by ``locator``.</doc>
<status status="PASS" start="2024-02-29T13:35:25.545114" elapsed="0.039270"/>
</kw>
<status status="PASS" start="2024-02-29T13:35:25.545114" elapsed="0.040777"/>
</branch>
<branch type="ELSE">
<kw name="Failure Log" owner="log">
<arg>*** Não foi possível clicar no elemento "${element}"</arg>
<doc>Loga fail no report</doc>
<status status="NOT RUN" start="2024-02-29T13:35:25.586897" elapsed="0.000000"/>
</kw>
<status status="NOT RUN" start="2024-02-29T13:35:25.585891" elapsed="0.001006"/>
</branch>
<status status="PASS" start="2024-02-29T13:35:25.545114" elapsed="0.041783"/>
</if>
<if>
<branch type="IF" condition="${screenshot} == True">
<kw name="Capture Page Screenshot" owner="SeleniumLibrary">
<msg time="2024-02-29T13:35:25.891028" level="INFO" html="true">&lt;/td&gt;&lt;/tr&gt;&lt;tr&gt;&lt;td colspan="3"&gt;&lt;a href="selenium-screenshot-17.png"&gt;&lt;img src="selenium-screenshot-17.png" width="800px"&gt;&lt;/a&gt;</msg>
<doc>Takes a screenshot of the current page and embeds it into a log file.</doc>
<status status="PASS" start="2024-02-29T13:35:25.586897" elapsed="0.304131"/>
</kw>
<status status="PASS" start="2024-02-29T13:35:25.586897" elapsed="0.305132"/>
</branch>
<status status="PASS" start="2024-02-29T13:35:25.586897" elapsed="0.306131"/>
</if>
<arg>${pesquisa_a_search}</arg>
<doc>Efetua click no elemento.
Para capturar imagem definir o parâmetro "screenshot" como "True".</doc>
<status status="PASS" start="2024-02-29T13:35:25.522455" elapsed="0.370573"/>
</kw>
<if>
<branch type="IF" condition="&quot;${texto}&quot; == &quot;valido&quot;">
<kw name="Fill Field" owner="custom_keywords">
<arg>${pesquisa_ipt_field}</arg>
<arg>${pesquisa_artigo_valido}</arg>
<doc>Preenche input com texto.
Para capturar imagem definir o parâmetro "screenshot" como "True".</doc>
<status status="NOT RUN" start="2024-02-29T13:35:25.893028" elapsed="0.000000"/>
</kw>
<status status="NOT RUN" start="2024-02-29T13:35:25.893028" elapsed="0.001000"/>
</branch>
<branch type="ELSE IF" condition="&quot;${texto}&quot; == &quot;invalido&quot;">
<kw name="Fill Field" owner="custom_keywords">
<kw name="Wait Until Element Is Visible And Return Status" owner="custom_keywords">
<kw name="Run Keyword And Return Status" owner="BuiltIn">
<kw name="Wait Until Element Is Visible" owner="SeleniumLibrary">
<arg>${element}</arg>
<arg>${timeout}</arg>
<doc>Waits until the element ``locator`` is visible.</doc>
<status status="PASS" start="2024-02-29T13:35:25.895039" elapsed="0.018070"/>
</kw>
<msg time="2024-02-29T13:35:25.913109" level="INFO">${visible} = True</msg>
<var>${visible}</var>
<arg>Wait Until Element Is Visible</arg>
<arg>${element}</arg>
<arg>${timeout}</arg>
<doc>Runs the given keyword with given arguments and returns the status as a Boolean value.</doc>
<status status="PASS" start="2024-02-29T13:35:25.895039" elapsed="0.018070"/>
</kw>
<if>
<branch type="IF" condition="${screenshot} == True">
<kw name="Capture Page Screenshot" owner="SeleniumLibrary">
<doc>Takes a screenshot of the current page and embeds it into a log file.</doc>
<status status="NOT RUN" start="2024-02-29T13:35:25.914109" elapsed="0.001012"/>
</kw>
<status status="NOT RUN" start="2024-02-29T13:35:25.914109" elapsed="0.001012"/>
</branch>
<status status="PASS" start="2024-02-29T13:35:25.914109" elapsed="0.001012"/>
</if>
<return>
<value>${visible}</value>
<status status="PASS" start="2024-02-29T13:35:25.915121" elapsed="0.000000"/>
</return>
<msg time="2024-02-29T13:35:25.915644" level="INFO">${visible} = True</msg>
<var>${visible}</var>
<arg>${element}</arg>
<arg>${timeout}</arg>
<doc>Verifica se elemento é visível e retorna status "True/False".
"timeout" assume 5 segundos se não for definido
Para capturar imagem definir o parâmetro "screenshot" como "True".</doc>
<status status="PASS" start="2024-02-29T13:35:25.895039" elapsed="0.020605"/>
</kw>
<if>
<branch type="IF" condition="${visible} == True">
<kw name="Input Text" owner="SeleniumLibrary">
<msg time="2024-02-29T13:35:25.916650" level="INFO">Typing text 'Nada foi encontrado' into text field 'xpath=//input[@id='search-field']'.</msg>
<arg>${element}</arg>
<arg>${text}</arg>
<doc>Types the given ``text`` into the text field identified by ``locator``.</doc>
<status status="PASS" start="2024-02-29T13:35:25.916650" elapsed="0.092723"/>
</kw>
<status status="PASS" start="2024-02-29T13:35:25.915644" elapsed="0.094728"/>
</branch>
<branch type="ELSE">
<kw name="Failure Log" owner="log">
<arg>*** Não foi possível preencher o campo "${element}"</arg>
<doc>Loga fail no report</doc>
<status status="NOT RUN" start="2024-02-29T13:35:26.010372" elapsed="0.000000"/>
</kw>
<status status="NOT RUN" start="2024-02-29T13:35:26.010372" elapsed="0.000000"/>
</branch>
<status status="PASS" start="2024-02-29T13:35:25.915644" elapsed="0.094728"/>
</if>
<if>
<branch type="IF" condition="${screenshot} == True">
<kw name="Capture Page Screenshot" owner="SeleniumLibrary">
<msg time="2024-02-29T13:35:26.309768" level="INFO" html="true">&lt;/td&gt;&lt;/tr&gt;&lt;tr&gt;&lt;td colspan="3"&gt;&lt;a href="selenium-screenshot-18.png"&gt;&lt;img src="selenium-screenshot-18.png" width="800px"&gt;&lt;/a&gt;</msg>
<doc>Takes a screenshot of the current page and embeds it into a log file.</doc>
<status status="PASS" start="2024-02-29T13:35:26.011371" elapsed="0.298397"/>
</kw>
<status status="PASS" start="2024-02-29T13:35:26.011371" elapsed="0.299397"/>
</branch>
<status status="PASS" start="2024-02-29T13:35:26.011371" elapsed="0.299397"/>
</if>
<arg>${pesquisa_ipt_field}</arg>
<arg>${pesquisa_artigo_invalido}</arg>
<doc>Preenche input com texto.
Para capturar imagem definir o parâmetro "screenshot" como "True".</doc>
<status status="PASS" start="2024-02-29T13:35:25.894028" elapsed="0.416740"/>
</kw>
<status status="PASS" start="2024-02-29T13:35:25.894028" elapsed="0.416740"/>
</branch>
<status status="PASS" start="2024-02-29T13:35:25.893028" elapsed="0.418739"/>
</if>
<kw name="Send Keys" owner="custom_keywords">
<kw name="Press Keys" owner="SeleniumLibrary">
<msg time="2024-02-29T13:35:26.312757" level="INFO">Sending key(s) ('RETURN',) to page.</msg>
<msg time="2024-02-29T13:35:26.312757" level="INFO">Pressing special key RETURN to browser.</msg>
<msg time="2024-02-29T13:35:26.312757" level="INFO">Releasing special key RETURN.</msg>
<arg>None</arg>
<arg>${key}</arg>
<doc>Simulates the user pressing key(s) to an element or on the active browser.</doc>
<status status="PASS" start="2024-02-29T13:35:26.311767" elapsed="0.870562"/>
</kw>
<arg>RETURN</arg>
<status status="PASS" start="2024-02-29T13:35:26.311767" elapsed="0.871574"/>
</kw>
<status status="PASS" start="2024-02-29T13:35:25.521456" elapsed="1.661885"/>
</kw>
<kw name="ENTAO valido carregamento com &quot;falha&quot;" owner="pesquisa_keywords" source_name="ENTAO valido carregamento com &quot;${status}&quot;">
<if>
<branch type="IF" condition="&quot;${status}&quot; == &quot;sucesso&quot;">
<kw name="Wait Until Element Is Visible And Capture Screenshot" owner="custom_keywords">
<arg>${pesquisa_artigo_sucesso}</arg>
<arg>${time_out_element}</arg>
<doc>Verifica se elemento é visível e retorna status "True/False".
"timeout" assume 5 segundos se não for definido
Para capturar imagem definir o parâmetro "screenshot" como "True".</doc>
<status status="NOT RUN" start="2024-02-29T13:35:27.185341" elapsed="0.000000"/>
</kw>
<status status="NOT RUN" start="2024-02-29T13:35:27.184329" elapsed="0.001012"/>
</branch>
<branch type="ELSE IF" condition="&quot;${status}&quot; == &quot;falha&quot;">
<kw name="Wait Until Element Is Visible And Capture Screenshot" owner="custom_keywords">
<kw name="Run Keyword And Return Status" owner="BuiltIn">
<kw name="Wait Until Element Is Visible" owner="SeleniumLibrary">
<arg>${element}</arg>
<arg>${timeout}</arg>
<doc>Waits until the element ``locator`` is visible.</doc>
<status status="PASS" start="2024-02-29T13:35:27.186872" elapsed="0.014242"/>
</kw>
<msg time="2024-02-29T13:35:27.201114" level="INFO">${visible} = True</msg>
<var>${visible}</var>
<arg>Wait Until Element Is Visible</arg>
<arg>${element}</arg>
<arg>${timeout}</arg>
<doc>Runs the given keyword with given arguments and returns the status as a Boolean value.</doc>
<status status="PASS" start="2024-02-29T13:35:27.185863" elapsed="0.015251"/>
</kw>
<kw name="Capture Page Screenshot" owner="SeleniumLibrary">
<msg time="2024-02-29T13:35:27.337356" level="INFO" html="true">&lt;/td&gt;&lt;/tr&gt;&lt;tr&gt;&lt;td colspan="3"&gt;&lt;a href="selenium-screenshot-19.png"&gt;&lt;img src="selenium-screenshot-19.png" width="800px"&gt;&lt;/a&gt;</msg>
<doc>Takes a screenshot of the current page and embeds it into a log file.</doc>
<status status="PASS" start="2024-02-29T13:35:27.202114" elapsed="0.135242"/>
</kw>
<if>
<branch type="IF" condition="${visible} == True">
<kw name="Passed Log" owner="log">
<kw name="Log Console And Report" owner="log">
<kw name="Log" owner="BuiltIn">
<msg time="2024-02-29T13:35:27.340650" level="INFO">Visible "xpath=//p[contains(.,'Lamentamos, mas nada foi encontrado para sua pesquisa, tente novamente com outras palavras.')]" element</msg>
<arg>${msg}</arg>
<doc>Logs the given message with the given level.</doc>
<status status="PASS" start="2024-02-29T13:35:27.339643" elapsed="0.001007"/>
</kw>
<kw name="Log To Console" owner="BuiltIn">
<arg>${msg}</arg>
<doc>Logs the given message to the console.</doc>
<status status="PASS" start="2024-02-29T13:35:27.340650" elapsed="0.001524"/>
</kw>
<arg>${msg}</arg>
<doc>Cria log no console e report</doc>
<status status="PASS" start="2024-02-29T13:35:27.339643" elapsed="0.002531"/>
</kw>
<arg>Visible "${element}" element</arg>
<doc>Loga passed no report</doc>
<status status="PASS" start="2024-02-29T13:35:27.339643" elapsed="0.002531"/>
</kw>
<status status="PASS" start="2024-02-29T13:35:27.338356" elapsed="0.003818"/>
</branch>
<branch type="ELSE">
<kw name="Fail" owner="BuiltIn">
<arg>*** Elemento "${element}" não visível após ${timeout} segundos</arg>
<doc>Fails the test with the given message and optionally alters its tags.</doc>
<status status="NOT RUN" start="2024-02-29T13:35:27.342174" elapsed="0.001005"/>
</kw>
<status status="NOT RUN" start="2024-02-29T13:35:27.342174" elapsed="0.001005"/>
</branch>
<status status="PASS" start="2024-02-29T13:35:27.338356" elapsed="0.004823"/>
</if>
<arg>${pesquisa_artigo_falha}</arg>
<arg>${time_out_element}</arg>
<doc>Verifica se elemento é visível e retorna status "True/False".
"timeout" assume 5 segundos se não for definido
Para capturar imagem definir o parâmetro "screenshot" como "True".</doc>
<status status="PASS" start="2024-02-29T13:35:27.185863" elapsed="0.157316"/>
</kw>
<status status="PASS" start="2024-02-29T13:35:27.185863" elapsed="0.157316"/>
</branch>
<status status="PASS" start="2024-02-29T13:35:27.184329" elapsed="0.158850"/>
</if>
<status status="PASS" start="2024-02-29T13:35:27.184329" elapsed="0.158850"/>
</kw>
<doc>Valida pesquisa com termos invalidos.</doc>
<tag>pesquisa_invalida</tag>
<tag>test</tag>
<status status="PASS" start="2024-02-29T13:35:23.378511" elapsed="3.964668"/>
</test>
<status status="FAIL" start="2024-02-29T13:34:18.310460" elapsed="69.036242"/>
</suite>
<statistics>
<total>
<stat pass="1" fail="1" skip="0">All Tests</stat>
</total>
<tag>
<stat pass="1" fail="0" skip="0">pesquisa_invalida</stat>
<stat pass="0" fail="1" skip="0">pesquisa_valida</stat>
<stat pass="1" fail="1" skip="0">test</stat>
</tag>
<suite>
<stat pass="1" fail="1" skip="0" id="s1" name="Pesquisa Tests">Pesquisa Tests</stat>
</suite>
</statistics>
<errors>
<msg time="2024-02-29T13:34:18.912351" level="ERROR">Error in file 'C:\Automacao\Agibank\web_tests_agibank\helpers\dependencies.robot' on line 17: Error in file 'C:\Automacao\Agibank\web_tests_agibank\components\pesquisa\tests\pesquisa_tests.robot' on line 5: Resource file with 'Test Cases' section is invalid.</msg>
</errors>
</robot>
